<?xml version="1.0" encoding="UTF-8"?>
<testsuite name="com.chrisgrimble.shoppingbasket.BasketIntegrationTest" tests="5" skipped="0" failures="0" errors="0" timestamp="2018-05-20T21:06:40" hostname="MacBook-Pro" time="0.012">
  <properties/>
  <testcase name="calculateCostOfBasketWithMultipleDiscount" classname="com.chrisgrimble.shoppingbasket.BasketIntegrationTest" time="0.0"/>
  <testcase name="calculateCostOfEmptyBasket" classname="com.chrisgrimble.shoppingbasket.BasketIntegrationTest" time="0.001"/>
  <testcase name="calculateCostOfBasketWithMultipleItemsAndDiscount" classname="com.chrisgrimble.shoppingbasket.BasketIntegrationTest" time="0.003"/>
  <testcase name="calculateCostOfBasketWithDiscount" classname="com.chrisgrimble.shoppingbasket.BasketIntegrationTest" time="0.001"/>
  <testcase name="calculateCostOfBasketWithMultipleOfASingleItem" classname="com.chrisgrimble.shoppingbasket.BasketIntegrationTest" time="0.004"/>
  <system-out><![CDATA[]]></system-out>
  <system-err><![CDATA[]]></system-err>
</testsuite>
